<?xml version="1.0" encoding="UTF-8"?>
<!-- Generated by org.testng.reporters.JUnitReportReporter -->
<testsuite hostname="sergio_rm13" failures="0" tests="1" name="rahulshettyacademy.tests.ErrorValidations" time="5.798" errors="0" timestamp="2024-11-11T19:00:34 CET" skipped="0">
  <testcase classname="rahulshettyacademy.tests.ErrorValidations" name="submitOrder" time="5.798"/>
</testsuite> <!-- rahulshettyacademy.tests.ErrorValidations -->
