<?xml version="1.0" encoding="UTF-8"?>
<!-- Generated by org.testng.reporters.JUnitReportReporter -->
<testsuite hostname="sergio_rm13" failures="0" tests="3" name="rahulshettyacademy.tests.SubmitOrderTest" time="20.217" errors="0" timestamp="2024-11-20T21:40:46 CET" skipped="0">
  <testcase classname="rahulshettyacademy.tests.SubmitOrderTest" name="submitOrder" time="7.697"/>
  <testcase classname="rahulshettyacademy.tests.SubmitOrderTest" name="OrderHistoryTest" time="5.168"/>
  <testcase classname="rahulshettyacademy.tests.SubmitOrderTest" name="submitOrder" time="7.352"/>
</testsuite> <!-- rahulshettyacademy.tests.SubmitOrderTest -->
