<?xml version="1.0" encoding="UTF-8"?>
<!-- Generated by org.testng.reporters.JUnitReportReporter -->
<testsuite hostname="sergio_rm13" failures="0" tests="2" name="rahulshettyacademy.tests.ErrorValidationsTest" time="11.543" errors="0" timestamp="2024-11-20T21:40:46 CET" skipped="0">
  <testcase classname="rahulshettyacademy.tests.ErrorValidationsTest" name="LoginErrorValidation" time="5.113"/>
  <testcase classname="rahulshettyacademy.tests.ErrorValidationsTest" name="ProductErrorValidation" time="6.430"/>
</testsuite> <!-- rahulshettyacademy.tests.ErrorValidationsTest -->
