<?xml version="1.0" encoding="UTF-8"?>
<!-- Generated by org.testng.reporters.JUnitReportReporter -->
<testsuite hostname="sergio_rm13" failures="0" tests="1" name="cucumber.TestNGTestRunner" time="7.709" errors="0" timestamp="2024-11-20T21:49:33 CET" skipped="0">
  <testcase classname="cucumber.TestNGTestRunner" name="runScenario" time="7.709"/>
</testsuite> <!-- cucumber.TestNGTestRunner -->
